<?xml version="1.0" encoding="UTF-8"?>
<testsuite xmlns:xsi="http://www.w3.org/2001/XMLSchema-instance" xsi:noNamespaceSchemaLocation="https://maven.apache.org/surefire/maven-surefire-plugin/xsd/surefire-test-report-3.0.xsd" version="3.0" name="com.example.PactDemo.PactConsumerTest" time="0.557" tests="1" errors="0" skipped="0" failures="0">
  <properties>
    <property name="java.specification.version" value="21"/>
    <property name="sun.jnu.encoding" value="UTF-8"/>
    <property name="java.class.path" value="/Users/harshithauk/Desktop/JavaLearning/PactTests/PactDemoConsumer/target/test-classes:/Users/harshithauk/Desktop/JavaLearning/PactTests/PactDemoConsumer/target/classes:/Users/harshithauk/.m2/repository/org/springframework/boot/spring-boot-starter-web/3.1.4/spring-boot-starter-web-3.1.4.jar:/Users/harshithauk/.m2/repository/org/springframework/boot/spring-boot-starter/3.1.4/spring-boot-starter-3.1.4.jar:/Users/harshithauk/.m2/repository/org/springframework/boot/spring-boot-autoconfigure/3.1.4/spring-boot-autoconfigure-3.1.4.jar:/Users/harshithauk/.m2/repository/org/springframework/boot/spring-boot-starter-logging/3.1.4/spring-boot-starter-logging-3.1.4.jar:/Users/harshithauk/.m2/repository/ch/qos/logback/logback-classic/1.4.11/logback-classic-1.4.11.jar:/Users/harshithauk/.m2/repository/ch/qos/logback/logback-core/1.4.11/logback-core-1.4.11.jar:/Users/harshithauk/.m2/repository/org/apache/logging/log4j/log4j-to-slf4j/2.20.0/log4j-to-slf4j-2.20.0.jar:/Users/harshithauk/.m2/repository/org/apache/logging/log4j/log4j-api/2.20.0/log4j-api-2.20.0.jar:/Users/harshithauk/.m2/repository/org/slf4j/jul-to-slf4j/2.0.9/jul-to-slf4j-2.0.9.jar:/Users/harshithauk/.m2/repository/jakarta/annotation/jakarta.annotation-api/2.1.1/jakarta.annotation-api-2.1.1.jar:/Users/harshithauk/.m2/repository/org/yaml/snakeyaml/1.33/snakeyaml-1.33.jar:/Users/harshithauk/.m2/repository/org/springframework/boot/spring-boot-starter-json/3.1.4/spring-boot-starter-json-3.1.4.jar:/Users/harshithauk/.m2/repository/com/fasterxml/jackson/core/jackson-databind/2.15.2/jackson-databind-2.15.2.jar:/Users/harshithauk/.m2/repository/com/fasterxml/jackson/core/jackson-annotations/2.15.2/jackson-annotations-2.15.2.jar:/Users/harshithauk/.m2/repository/com/fasterxml/jackson/core/jackson-core/2.15.2/jackson-core-2.15.2.jar:/Users/harshithauk/.m2/repository/com/fasterxml/jackson/datatype/jackson-datatype-jdk8/2.15.2/jackson-datatype-jdk8-2.15.2.jar:/Users/harshithauk/.m2/repository/com/fasterxml/jackson/datatype/jackson-datatype-jsr310/2.15.2/jackson-datatype-jsr310-2.15.2.jar:/Users/harshithauk/.m2/repository/com/fasterxml/jackson/module/jackson-module-parameter-names/2.15.2/jackson-module-parameter-names-2.15.2.jar:/Users/harshithauk/.m2/repository/org/springframework/boot/spring-boot-starter-tomcat/3.1.4/spring-boot-starter-tomcat-3.1.4.jar:/Users/harshithauk/.m2/repository/org/apache/tomcat/embed/tomcat-embed-core/10.1.13/tomcat-embed-core-10.1.13.jar:/Users/harshithauk/.m2/repository/org/apache/tomcat/embed/tomcat-embed-el/10.1.13/tomcat-embed-el-10.1.13.jar:/Users/harshithauk/.m2/repository/org/apache/tomcat/embed/tomcat-embed-websocket/10.1.13/tomcat-embed-websocket-10.1.13.jar:/Users/harshithauk/.m2/repository/org/springframework/spring-web/6.0.12/spring-web-6.0.12.jar:/Users/harshithauk/.m2/repository/org/springframework/spring-beans/6.0.12/spring-beans-6.0.12.jar:/Users/harshithauk/.m2/repository/io/micrometer/micrometer-observation/1.11.4/micrometer-observation-1.11.4.jar:/Users/harshithauk/.m2/repository/io/micrometer/micrometer-commons/1.11.4/micrometer-commons-1.11.4.jar:/Users/harshithauk/.m2/repository/org/springframework/spring-webmvc/6.0.12/spring-webmvc-6.0.12.jar:/Users/harshithauk/.m2/repository/org/springframework/spring-aop/6.0.12/spring-aop-6.0.12.jar:/Users/harshithauk/.m2/repository/org/springframework/spring-context/6.0.12/spring-context-6.0.12.jar:/Users/harshithauk/.m2/repository/org/springframework/spring-expression/6.0.12/spring-expression-6.0.12.jar:/Users/harshithauk/.m2/repository/org/springframework/boot/spring-boot-starter-test/3.1.4/spring-boot-starter-test-3.1.4.jar:/Users/harshithauk/.m2/repository/org/springframework/boot/spring-boot-test-autoconfigure/3.1.4/spring-boot-test-autoconfigure-3.1.4.jar:/Users/harshithauk/.m2/repository/com/jayway/jsonpath/json-path/2.8.0/json-path-2.8.0.jar:/Users/harshithauk/.m2/repository/jakarta/xml/bind/jakarta.xml.bind-api/4.0.1/jakarta.xml.bind-api-4.0.1.jar:/Users/harshithauk/.m2/repository/jakarta/activation/jakarta.activation-api/2.1.2/jakarta.activation-api-2.1.2.jar:/Users/harshithauk/.m2/repository/net/minidev/json-smart/2.4.11/json-smart-2.4.11.jar:/Users/harshithauk/.m2/repository/net/minidev/accessors-smart/2.4.11/accessors-smart-2.4.11.jar:/Users/harshithauk/.m2/repository/org/ow2/asm/asm/9.3/asm-9.3.jar:/Users/harshithauk/.m2/repository/org/assertj/assertj-core/3.24.2/assertj-core-3.24.2.jar:/Users/harshithauk/.m2/repository/net/bytebuddy/byte-buddy/1.14.8/byte-buddy-1.14.8.jar:/Users/harshithauk/.m2/repository/org/hamcrest/hamcrest/2.2/hamcrest-2.2.jar:/Users/harshithauk/.m2/repository/org/junit/jupiter/junit-jupiter/5.9.3/junit-jupiter-5.9.3.jar:/Users/harshithauk/.m2/repository/org/junit/jupiter/junit-jupiter-params/5.9.3/junit-jupiter-params-5.9.3.jar:/Users/harshithauk/.m2/repository/org/junit/jupiter/junit-jupiter-engine/5.9.3/junit-jupiter-engine-5.9.3.jar:/Users/harshithauk/.m2/repository/org/junit/platform/junit-platform-engine/1.9.3/junit-platform-engine-1.9.3.jar:/Users/harshithauk/.m2/repository/org/mockito/mockito-core/5.3.1/mockito-core-5.3.1.jar:/Users/harshithauk/.m2/repository/net/bytebuddy/byte-buddy-agent/1.14.8/byte-buddy-agent-1.14.8.jar:/Users/harshithauk/.m2/repository/org/objenesis/objenesis/3.3/objenesis-3.3.jar:/Users/harshithauk/.m2/repository/org/mockito/mockito-junit-jupiter/5.3.1/mockito-junit-jupiter-5.3.1.jar:/Users/harshithauk/.m2/repository/org/skyscreamer/jsonassert/1.5.1/jsonassert-1.5.1.jar:/Users/harshithauk/.m2/repository/com/vaadin/external/google/android-json/0.0.20131108.vaadin1/android-json-0.0.20131108.vaadin1.jar:/Users/harshithauk/.m2/repository/org/springframework/spring-test/6.0.12/spring-test-6.0.12.jar:/Users/harshithauk/.m2/repository/org/xmlunit/xmlunit-core/2.9.1/xmlunit-core-2.9.1.jar:/Users/harshithauk/.m2/repository/org/springframework/spring-core/6.0.6/spring-core-6.0.6.jar:/Users/harshithauk/.m2/repository/org/springframework/spring-jcl/6.0.12/spring-jcl-6.0.12.jar:/Users/harshithauk/.m2/repository/javax/persistence/javax.persistence-api/2.2/javax.persistence-api-2.2.jar:/Users/harshithauk/.m2/repository/au/com/dius/pact-jvm-consumer-junit5/4.0.10/pact-jvm-consumer-junit5-4.0.10.jar:/Users/harshithauk/.m2/repository/org/junit/jupiter/junit-jupiter-api/5.9.3/junit-jupiter-api-5.9.3.jar:/Users/harshithauk/.m2/repository/org/opentest4j/opentest4j/1.2.0/opentest4j-1.2.0.jar:/Users/harshithauk/.m2/repository/org/junit/platform/junit-platform-commons/1.9.3/junit-platform-commons-1.9.3.jar:/Users/harshithauk/.m2/repository/org/apiguardian/apiguardian-api/1.1.2/apiguardian-api-1.1.2.jar:/Users/harshithauk/.m2/repository/au/com/dius/pact-jvm-consumer/4.0.10/pact-jvm-consumer-4.0.10.jar:/Users/harshithauk/.m2/repository/com/googlecode/java-diff-utils/diffutils/1.3.0/diffutils-1.3.0.jar:/Users/harshithauk/.m2/repository/dk/brics/automaton/automaton/1.11-8/automaton-1.11-8.jar:/Users/harshithauk/.m2/repository/org/apache/httpcomponents/httpclient/4.5.5/httpclient-4.5.5.jar:/Users/harshithauk/.m2/repository/org/apache/httpcomponents/httpcore/4.4.16/httpcore-4.4.16.jar:/Users/harshithauk/.m2/repository/commons-logging/commons-logging/1.2/commons-logging-1.2.jar:/Users/harshithauk/.m2/repository/commons-codec/commons-codec/1.15/commons-codec-1.15.jar:/Users/harshithauk/.m2/repository/org/json/json/20160212/json-20160212.jar:/Users/harshithauk/.m2/repository/io/netty/netty-handler/4.1.97.Final/netty-handler-4.1.97.Final.jar:/Users/harshithauk/.m2/repository/io/netty/netty-common/4.1.97.Final/netty-common-4.1.97.Final.jar:/Users/harshithauk/.m2/repository/io/netty/netty-resolver/4.1.97.Final/netty-resolver-4.1.97.Final.jar:/Users/harshithauk/.m2/repository/io/netty/netty-buffer/4.1.97.Final/netty-buffer-4.1.97.Final.jar:/Users/harshithauk/.m2/repository/io/netty/netty-transport/4.1.97.Final/netty-transport-4.1.97.Final.jar:/Users/harshithauk/.m2/repository/io/netty/netty-transport-native-unix-common/4.1.97.Final/netty-transport-native-unix-common-4.1.97.Final.jar:/Users/harshithauk/.m2/repository/io/netty/netty-codec/4.1.97.Final/netty-codec-4.1.97.Final.jar:/Users/harshithauk/.m2/repository/org/apache/httpcomponents/httpmime/4.5.5/httpmime-4.5.5.jar:/Users/harshithauk/.m2/repository/org/apache/httpcomponents/fluent-hc/4.5.5/fluent-hc-4.5.5.jar:/Users/harshithauk/.m2/repository/au/com/dius/pact-jvm-core-model/4.0.10/pact-jvm-core-model-4.0.10.jar:/Users/harshithauk/.m2/repository/com/github/zafarkhaja/java-semver/0.9.0/java-semver-0.9.0.jar:/Users/harshithauk/.m2/repository/org/apache/commons/commons-collections4/4.1/commons-collections4-4.1.jar:/Users/harshithauk/.m2/repository/com/github/mifmif/generex/1.0.2/generex-1.0.2.jar:/Users/harshithauk/.m2/repository/javax/mail/mail/1.5.0-b01/mail-1.5.0-b01.jar:/Users/harshithauk/.m2/repository/javax/activation/activation/1.1/activation-1.1.jar:/Users/harshithauk/.m2/repository/org/jetbrains/kotlin/kotlin-reflect/1.8.22/kotlin-reflect-1.8.22.jar:/Users/harshithauk/.m2/repository/au/com/dius/pact-jvm-core-support/4.0.10/pact-jvm-core-support-4.0.10.jar:/Users/harshithauk/.m2/repository/org/antlr/antlr4/4.7.2/antlr4-4.7.2.jar:/Users/harshithauk/.m2/repository/org/antlr/antlr4-runtime/4.7.2/antlr4-runtime-4.7.2.jar:/Users/harshithauk/.m2/repository/org/antlr/antlr-runtime/3.5.2/antlr-runtime-3.5.2.jar:/Users/harshithauk/.m2/repository/org/antlr/ST4/4.1/ST4-4.1.jar:/Users/harshithauk/.m2/repository/org/abego/treelayout/org.abego.treelayout.core/1.0.3/org.abego.treelayout.core-1.0.3.jar:/Users/harshithauk/.m2/repository/org/glassfish/javax.json/1.0.4/javax.json-1.0.4.jar:/Users/harshithauk/.m2/repository/com/ibm/icu/icu4j/61.1/icu4j-61.1.jar:/Users/harshithauk/.m2/repository/io/github/microutils/kotlin-logging/1.6.26/kotlin-logging-1.6.26.jar:/Users/harshithauk/.m2/repository/io/github/microutils/kotlin-logging-common/1.6.26/kotlin-logging-common-1.6.26.jar:/Users/harshithauk/.m2/repository/io/arrow-kt/arrow-core-extensions/0.9.0/arrow-core-extensions-0.9.0.jar:/Users/harshithauk/.m2/repository/io/arrow-kt/arrow-annotations/0.9.0/arrow-annotations-0.9.0.jar:/Users/harshithauk/.m2/repository/io/kindedj/kindedj/1.1.0/kindedj-1.1.0.jar:/Users/harshithauk/.m2/repository/io/arrow-kt/arrow-typeclasses/0.9.0/arrow-typeclasses-0.9.0.jar:/Users/harshithauk/.m2/repository/io/arrow-kt/arrow-core-data/0.9.0/arrow-core-data-0.9.0.jar:/Users/harshithauk/.m2/repository/com/google/code/findbugs/jsr305/3.0.2/jsr305-3.0.2.jar:/Users/harshithauk/.m2/repository/au/com/dius/pact-jvm-core-pact-broker/4.0.10/pact-jvm-core-pact-broker-4.0.10.jar:/Users/harshithauk/.m2/repository/com/google/guava/guava/18.0/guava-18.0.jar:/Users/harshithauk/.m2/repository/org/dmfs/rfc3986-uri/0.8/rfc3986-uri-0.8.jar:/Users/harshithauk/.m2/repository/org/dmfs/iterators/1.5/iterators-1.5.jar:/Users/harshithauk/.m2/repository/org/dmfs/optional/0.3/optional-0.3.jar:/Users/harshithauk/.m2/repository/com/google/code/gson/gson/2.10.1/gson-2.10.1.jar:/Users/harshithauk/.m2/repository/com/github/salomonbrys/kotson/kotson/2.5.0/kotson-2.5.0.jar:/Users/harshithauk/.m2/repository/au/com/dius/pact-jvm-core-matchers/4.0.10/pact-jvm-core-matchers-4.0.10.jar:/Users/harshithauk/.m2/repository/org/apache/commons/commons-lang3/3.12.0/commons-lang3-3.12.0.jar:/Users/harshithauk/.m2/repository/xerces/xercesImpl/2.12.0/xercesImpl-2.12.0.jar:/Users/harshithauk/.m2/repository/xml-apis/xml-apis/1.4.01/xml-apis-1.4.01.jar:/Users/harshithauk/.m2/repository/org/atteo/evo-inflector/1.2.2/evo-inflector-1.2.2.jar:/Users/harshithauk/.m2/repository/io/ktor/ktor-server-netty/1.2.6/ktor-server-netty-1.2.6.jar:/Users/harshithauk/.m2/repository/org/jetbrains/kotlin/kotlin-stdlib/1.8.22/kotlin-stdlib-1.8.22.jar:/Users/harshithauk/.m2/repository/org/jetbrains/kotlin/kotlin-stdlib-common/1.8.22/kotlin-stdlib-common-1.8.22.jar:/Users/harshithauk/.m2/repository/org/jetbrains/annotations/13.0/annotations-13.0.jar:/Users/harshithauk/.m2/repository/org/jetbrains/kotlin/kotlin-stdlib-jdk7/1.8.22/kotlin-stdlib-jdk7-1.8.22.jar:/Users/harshithauk/.m2/repository/org/jetbrains/kotlin/kotlin-stdlib-jdk8/1.8.22/kotlin-stdlib-jdk8-1.8.22.jar:/Users/harshithauk/.m2/repository/org/jetbrains/kotlinx/atomicfu/0.14.1/atomicfu-0.14.1.jar:/Users/harshithauk/.m2/repository/com/typesafe/config/1.3.1/config-1.3.1.jar:/Users/harshithauk/.m2/repository/org/jetbrains/kotlinx/kotlinx-coroutines-jdk8/1.6.4/kotlinx-coroutines-jdk8-1.6.4.jar:/Users/harshithauk/.m2/repository/org/jetbrains/kotlinx/kotlinx-coroutines-core-jvm/1.6.4/kotlinx-coroutines-core-jvm-1.6.4.jar:/Users/harshithauk/.m2/repository/org/jetbrains/kotlinx/kotlinx-coroutines-core/1.6.4/kotlinx-coroutines-core-1.6.4.jar:/Users/harshithauk/.m2/repository/org/jetbrains/kotlinx/kotlinx-io-jvm/0.1.16/kotlinx-io-jvm-0.1.16.jar:/Users/harshithauk/.m2/repository/org/jetbrains/kotlinx/atomicfu-common/0.14.1/atomicfu-common-0.14.1.jar:/Users/harshithauk/.m2/repository/org/jetbrains/kotlinx/kotlinx-io/0.1.16/kotlinx-io-0.1.16.jar:/Users/harshithauk/.m2/repository/org/jetbrains/kotlinx/kotlinx-coroutines-io-jvm/0.1.16/kotlinx-coroutines-io-jvm-0.1.16.jar:/Users/harshithauk/.m2/repository/org/jetbrains/kotlinx/kotlinx-coroutines-core-common/1.3.2-1.3.60/kotlinx-coroutines-core-common-1.3.2-1.3.60.jar:/Users/harshithauk/.m2/repository/org/jetbrains/kotlinx/kotlinx-coroutines-io/0.1.16/kotlinx-coroutines-io-0.1.16.jar:/Users/harshithauk/.m2/repository/io/ktor/ktor-server-host-common/1.2.6/ktor-server-host-common-1.2.6.jar:/Users/harshithauk/.m2/repository/io/ktor/ktor-server-core/1.2.6/ktor-server-core-1.2.6.jar:/Users/harshithauk/.m2/repository/io/netty/netty-codec-http2/4.1.97.Final/netty-codec-http2-4.1.97.Final.jar:/Users/harshithauk/.m2/repository/io/netty/netty-codec-http/4.1.97.Final/netty-codec-http-4.1.97.Final.jar:/Users/harshithauk/.m2/repository/org/eclipse/jetty/alpn/alpn-api/1.1.3.v20160715/alpn-api-1.1.3.v20160715.jar:/Users/harshithauk/.m2/repository/io/netty/netty-transport-native-kqueue/4.1.97.Final/netty-transport-native-kqueue-4.1.97.Final.jar:/Users/harshithauk/.m2/repository/io/netty/netty-transport-classes-kqueue/4.1.97.Final/netty-transport-classes-kqueue-4.1.97.Final.jar:/Users/harshithauk/.m2/repository/io/netty/netty-transport-native-epoll/4.1.97.Final/netty-transport-native-epoll-4.1.97.Final.jar:/Users/harshithauk/.m2/repository/io/netty/netty-transport-classes-epoll/4.1.97.Final/netty-transport-classes-epoll-4.1.97.Final.jar:/Users/harshithauk/.m2/repository/io/ktor/ktor-network-tls/1.2.6/ktor-network-tls-1.2.6.jar:/Users/harshithauk/.m2/repository/io/ktor/ktor-network/1.2.6/ktor-network-1.2.6.jar:/Users/harshithauk/.m2/repository/io/ktor/ktor-utils-jvm/1.2.6/ktor-utils-jvm-1.2.6.jar:/Users/harshithauk/.m2/repository/io/ktor/ktor-http-cio-jvm/1.2.6/ktor-http-cio-jvm-1.2.6.jar:/Users/harshithauk/.m2/repository/io/ktor/ktor-http-jvm/1.2.6/ktor-http-jvm-1.2.6.jar:/Users/harshithauk/.m2/repository/org/slf4j/slf4j-api/2.0.9/slf4j-api-2.0.9.jar:/Users/harshithauk/.m2/repository/org/springframework/boot/spring-boot-test/3.0.4/spring-boot-test-3.0.4.jar:/Users/harshithauk/.m2/repository/org/springframework/boot/spring-boot/3.1.4/spring-boot-3.1.4.jar:"/>
    <property name="java.vm.vendor" value="Homebrew"/>
    <property name="sun.arch.data.model" value="64"/>
    <property name="java.vendor.url" value="https://github.com/Homebrew/homebrew-core/issues"/>
    <property name="user.timezone" value="Asia/Kolkata"/>
    <property name="os.name" value="Mac OS X"/>
    <property name="java.vm.specification.version" value="21"/>
    <property name="sun.java.launcher" value="SUN_STANDARD"/>
    <property name="user.country" value="IN"/>
    <property name="sun.boot.library.path" value="/opt/homebrew/Cellar/openjdk/21.0.1/libexec/openjdk.jdk/Contents/Home/lib"/>
    <property name="sun.java.command" value="/Users/harshithauk/Desktop/JavaLearning/PactTests/PactDemoConsumer/target/surefire/surefirebooter-20231031145209422_3.jar /Users/harshithauk/Desktop/JavaLearning/PactTests/PactDemoConsumer/target/surefire 2023-10-31T14-52-09_360-jvmRun1 surefire-20231031145209422_1tmp surefire_0-20231031145209422_2tmp"/>
    <property name="http.nonProxyHosts" value="local|*.local|169.254/16|*.169.254/16"/>
    <property name="jdk.debug" value="release"/>
    <property name="surefire.test.class.path" value="/Users/harshithauk/Desktop/JavaLearning/PactTests/PactDemoConsumer/target/test-classes:/Users/harshithauk/Desktop/JavaLearning/PactTests/PactDemoConsumer/target/classes:/Users/harshithauk/.m2/repository/org/springframework/boot/spring-boot-starter-web/3.1.4/spring-boot-starter-web-3.1.4.jar:/Users/harshithauk/.m2/repository/org/springframework/boot/spring-boot-starter/3.1.4/spring-boot-starter-3.1.4.jar:/Users/harshithauk/.m2/repository/org/springframework/boot/spring-boot-autoconfigure/3.1.4/spring-boot-autoconfigure-3.1.4.jar:/Users/harshithauk/.m2/repository/org/springframework/boot/spring-boot-starter-logging/3.1.4/spring-boot-starter-logging-3.1.4.jar:/Users/harshithauk/.m2/repository/ch/qos/logback/logback-classic/1.4.11/logback-classic-1.4.11.jar:/Users/harshithauk/.m2/repository/ch/qos/logback/logback-core/1.4.11/logback-core-1.4.11.jar:/Users/harshithauk/.m2/repository/org/apache/logging/log4j/log4j-to-slf4j/2.20.0/log4j-to-slf4j-2.20.0.jar:/Users/harshithauk/.m2/repository/org/apache/logging/log4j/log4j-api/2.20.0/log4j-api-2.20.0.jar:/Users/harshithauk/.m2/repository/org/slf4j/jul-to-slf4j/2.0.9/jul-to-slf4j-2.0.9.jar:/Users/harshithauk/.m2/repository/jakarta/annotation/jakarta.annotation-api/2.1.1/jakarta.annotation-api-2.1.1.jar:/Users/harshithauk/.m2/repository/org/yaml/snakeyaml/1.33/snakeyaml-1.33.jar:/Users/harshithauk/.m2/repository/org/springframework/boot/spring-boot-starter-json/3.1.4/spring-boot-starter-json-3.1.4.jar:/Users/harshithauk/.m2/repository/com/fasterxml/jackson/core/jackson-databind/2.15.2/jackson-databind-2.15.2.jar:/Users/harshithauk/.m2/repository/com/fasterxml/jackson/core/jackson-annotations/2.15.2/jackson-annotations-2.15.2.jar:/Users/harshithauk/.m2/repository/com/fasterxml/jackson/core/jackson-core/2.15.2/jackson-core-2.15.2.jar:/Users/harshithauk/.m2/repository/com/fasterxml/jackson/datatype/jackson-datatype-jdk8/2.15.2/jackson-datatype-jdk8-2.15.2.jar:/Users/harshithauk/.m2/repository/com/fasterxml/jackson/datatype/jackson-datatype-jsr310/2.15.2/jackson-datatype-jsr310-2.15.2.jar:/Users/harshithauk/.m2/repository/com/fasterxml/jackson/module/jackson-module-parameter-names/2.15.2/jackson-module-parameter-names-2.15.2.jar:/Users/harshithauk/.m2/repository/org/springframework/boot/spring-boot-starter-tomcat/3.1.4/spring-boot-starter-tomcat-3.1.4.jar:/Users/harshithauk/.m2/repository/org/apache/tomcat/embed/tomcat-embed-core/10.1.13/tomcat-embed-core-10.1.13.jar:/Users/harshithauk/.m2/repository/org/apache/tomcat/embed/tomcat-embed-el/10.1.13/tomcat-embed-el-10.1.13.jar:/Users/harshithauk/.m2/repository/org/apache/tomcat/embed/tomcat-embed-websocket/10.1.13/tomcat-embed-websocket-10.1.13.jar:/Users/harshithauk/.m2/repository/org/springframework/spring-web/6.0.12/spring-web-6.0.12.jar:/Users/harshithauk/.m2/repository/org/springframework/spring-beans/6.0.12/spring-beans-6.0.12.jar:/Users/harshithauk/.m2/repository/io/micrometer/micrometer-observation/1.11.4/micrometer-observation-1.11.4.jar:/Users/harshithauk/.m2/repository/io/micrometer/micrometer-commons/1.11.4/micrometer-commons-1.11.4.jar:/Users/harshithauk/.m2/repository/org/springframework/spring-webmvc/6.0.12/spring-webmvc-6.0.12.jar:/Users/harshithauk/.m2/repository/org/springframework/spring-aop/6.0.12/spring-aop-6.0.12.jar:/Users/harshithauk/.m2/repository/org/springframework/spring-context/6.0.12/spring-context-6.0.12.jar:/Users/harshithauk/.m2/repository/org/springframework/spring-expression/6.0.12/spring-expression-6.0.12.jar:/Users/harshithauk/.m2/repository/org/springframework/boot/spring-boot-starter-test/3.1.4/spring-boot-starter-test-3.1.4.jar:/Users/harshithauk/.m2/repository/org/springframework/boot/spring-boot-test-autoconfigure/3.1.4/spring-boot-test-autoconfigure-3.1.4.jar:/Users/harshithauk/.m2/repository/com/jayway/jsonpath/json-path/2.8.0/json-path-2.8.0.jar:/Users/harshithauk/.m2/repository/jakarta/xml/bind/jakarta.xml.bind-api/4.0.1/jakarta.xml.bind-api-4.0.1.jar:/Users/harshithauk/.m2/repository/jakarta/activation/jakarta.activation-api/2.1.2/jakarta.activation-api-2.1.2.jar:/Users/harshithauk/.m2/repository/net/minidev/json-smart/2.4.11/json-smart-2.4.11.jar:/Users/harshithauk/.m2/repository/net/minidev/accessors-smart/2.4.11/accessors-smart-2.4.11.jar:/Users/harshithauk/.m2/repository/org/ow2/asm/asm/9.3/asm-9.3.jar:/Users/harshithauk/.m2/repository/org/assertj/assertj-core/3.24.2/assertj-core-3.24.2.jar:/Users/harshithauk/.m2/repository/net/bytebuddy/byte-buddy/1.14.8/byte-buddy-1.14.8.jar:/Users/harshithauk/.m2/repository/org/hamcrest/hamcrest/2.2/hamcrest-2.2.jar:/Users/harshithauk/.m2/repository/org/junit/jupiter/junit-jupiter/5.9.3/junit-jupiter-5.9.3.jar:/Users/harshithauk/.m2/repository/org/junit/jupiter/junit-jupiter-params/5.9.3/junit-jupiter-params-5.9.3.jar:/Users/harshithauk/.m2/repository/org/junit/jupiter/junit-jupiter-engine/5.9.3/junit-jupiter-engine-5.9.3.jar:/Users/harshithauk/.m2/repository/org/junit/platform/junit-platform-engine/1.9.3/junit-platform-engine-1.9.3.jar:/Users/harshithauk/.m2/repository/org/mockito/mockito-core/5.3.1/mockito-core-5.3.1.jar:/Users/harshithauk/.m2/repository/net/bytebuddy/byte-buddy-agent/1.14.8/byte-buddy-agent-1.14.8.jar:/Users/harshithauk/.m2/repository/org/objenesis/objenesis/3.3/objenesis-3.3.jar:/Users/harshithauk/.m2/repository/org/mockito/mockito-junit-jupiter/5.3.1/mockito-junit-jupiter-5.3.1.jar:/Users/harshithauk/.m2/repository/org/skyscreamer/jsonassert/1.5.1/jsonassert-1.5.1.jar:/Users/harshithauk/.m2/repository/com/vaadin/external/google/android-json/0.0.20131108.vaadin1/android-json-0.0.20131108.vaadin1.jar:/Users/harshithauk/.m2/repository/org/springframework/spring-test/6.0.12/spring-test-6.0.12.jar:/Users/harshithauk/.m2/repository/org/xmlunit/xmlunit-core/2.9.1/xmlunit-core-2.9.1.jar:/Users/harshithauk/.m2/repository/org/springframework/spring-core/6.0.6/spring-core-6.0.6.jar:/Users/harshithauk/.m2/repository/org/springframework/spring-jcl/6.0.12/spring-jcl-6.0.12.jar:/Users/harshithauk/.m2/repository/javax/persistence/javax.persistence-api/2.2/javax.persistence-api-2.2.jar:/Users/harshithauk/.m2/repository/au/com/dius/pact-jvm-consumer-junit5/4.0.10/pact-jvm-consumer-junit5-4.0.10.jar:/Users/harshithauk/.m2/repository/org/junit/jupiter/junit-jupiter-api/5.9.3/junit-jupiter-api-5.9.3.jar:/Users/harshithauk/.m2/repository/org/opentest4j/opentest4j/1.2.0/opentest4j-1.2.0.jar:/Users/harshithauk/.m2/repository/org/junit/platform/junit-platform-commons/1.9.3/junit-platform-commons-1.9.3.jar:/Users/harshithauk/.m2/repository/org/apiguardian/apiguardian-api/1.1.2/apiguardian-api-1.1.2.jar:/Users/harshithauk/.m2/repository/au/com/dius/pact-jvm-consumer/4.0.10/pact-jvm-consumer-4.0.10.jar:/Users/harshithauk/.m2/repository/com/googlecode/java-diff-utils/diffutils/1.3.0/diffutils-1.3.0.jar:/Users/harshithauk/.m2/repository/dk/brics/automaton/automaton/1.11-8/automaton-1.11-8.jar:/Users/harshithauk/.m2/repository/org/apache/httpcomponents/httpclient/4.5.5/httpclient-4.5.5.jar:/Users/harshithauk/.m2/repository/org/apache/httpcomponents/httpcore/4.4.16/httpcore-4.4.16.jar:/Users/harshithauk/.m2/repository/commons-logging/commons-logging/1.2/commons-logging-1.2.jar:/Users/harshithauk/.m2/repository/commons-codec/commons-codec/1.15/commons-codec-1.15.jar:/Users/harshithauk/.m2/repository/org/json/json/20160212/json-20160212.jar:/Users/harshithauk/.m2/repository/io/netty/netty-handler/4.1.97.Final/netty-handler-4.1.97.Final.jar:/Users/harshithauk/.m2/repository/io/netty/netty-common/4.1.97.Final/netty-common-4.1.97.Final.jar:/Users/harshithauk/.m2/repository/io/netty/netty-resolver/4.1.97.Final/netty-resolver-4.1.97.Final.jar:/Users/harshithauk/.m2/repository/io/netty/netty-buffer/4.1.97.Final/netty-buffer-4.1.97.Final.jar:/Users/harshithauk/.m2/repository/io/netty/netty-transport/4.1.97.Final/netty-transport-4.1.97.Final.jar:/Users/harshithauk/.m2/repository/io/netty/netty-transport-native-unix-common/4.1.97.Final/netty-transport-native-unix-common-4.1.97.Final.jar:/Users/harshithauk/.m2/repository/io/netty/netty-codec/4.1.97.Final/netty-codec-4.1.97.Final.jar:/Users/harshithauk/.m2/repository/org/apache/httpcomponents/httpmime/4.5.5/httpmime-4.5.5.jar:/Users/harshithauk/.m2/repository/org/apache/httpcomponents/fluent-hc/4.5.5/fluent-hc-4.5.5.jar:/Users/harshithauk/.m2/repository/au/com/dius/pact-jvm-core-model/4.0.10/pact-jvm-core-model-4.0.10.jar:/Users/harshithauk/.m2/repository/com/github/zafarkhaja/java-semver/0.9.0/java-semver-0.9.0.jar:/Users/harshithauk/.m2/repository/org/apache/commons/commons-collections4/4.1/commons-collections4-4.1.jar:/Users/harshithauk/.m2/repository/com/github/mifmif/generex/1.0.2/generex-1.0.2.jar:/Users/harshithauk/.m2/repository/javax/mail/mail/1.5.0-b01/mail-1.5.0-b01.jar:/Users/harshithauk/.m2/repository/javax/activation/activation/1.1/activation-1.1.jar:/Users/harshithauk/.m2/repository/org/jetbrains/kotlin/kotlin-reflect/1.8.22/kotlin-reflect-1.8.22.jar:/Users/harshithauk/.m2/repository/au/com/dius/pact-jvm-core-support/4.0.10/pact-jvm-core-support-4.0.10.jar:/Users/harshithauk/.m2/repository/org/antlr/antlr4/4.7.2/antlr4-4.7.2.jar:/Users/harshithauk/.m2/repository/org/antlr/antlr4-runtime/4.7.2/antlr4-runtime-4.7.2.jar:/Users/harshithauk/.m2/repository/org/antlr/antlr-runtime/3.5.2/antlr-runtime-3.5.2.jar:/Users/harshithauk/.m2/repository/org/antlr/ST4/4.1/ST4-4.1.jar:/Users/harshithauk/.m2/repository/org/abego/treelayout/org.abego.treelayout.core/1.0.3/org.abego.treelayout.core-1.0.3.jar:/Users/harshithauk/.m2/repository/org/glassfish/javax.json/1.0.4/javax.json-1.0.4.jar:/Users/harshithauk/.m2/repository/com/ibm/icu/icu4j/61.1/icu4j-61.1.jar:/Users/harshithauk/.m2/repository/io/github/microutils/kotlin-logging/1.6.26/kotlin-logging-1.6.26.jar:/Users/harshithauk/.m2/repository/io/github/microutils/kotlin-logging-common/1.6.26/kotlin-logging-common-1.6.26.jar:/Users/harshithauk/.m2/repository/io/arrow-kt/arrow-core-extensions/0.9.0/arrow-core-extensions-0.9.0.jar:/Users/harshithauk/.m2/repository/io/arrow-kt/arrow-annotations/0.9.0/arrow-annotations-0.9.0.jar:/Users/harshithauk/.m2/repository/io/kindedj/kindedj/1.1.0/kindedj-1.1.0.jar:/Users/harshithauk/.m2/repository/io/arrow-kt/arrow-typeclasses/0.9.0/arrow-typeclasses-0.9.0.jar:/Users/harshithauk/.m2/repository/io/arrow-kt/arrow-core-data/0.9.0/arrow-core-data-0.9.0.jar:/Users/harshithauk/.m2/repository/com/google/code/findbugs/jsr305/3.0.2/jsr305-3.0.2.jar:/Users/harshithauk/.m2/repository/au/com/dius/pact-jvm-core-pact-broker/4.0.10/pact-jvm-core-pact-broker-4.0.10.jar:/Users/harshithauk/.m2/repository/com/google/guava/guava/18.0/guava-18.0.jar:/Users/harshithauk/.m2/repository/org/dmfs/rfc3986-uri/0.8/rfc3986-uri-0.8.jar:/Users/harshithauk/.m2/repository/org/dmfs/iterators/1.5/iterators-1.5.jar:/Users/harshithauk/.m2/repository/org/dmfs/optional/0.3/optional-0.3.jar:/Users/harshithauk/.m2/repository/com/google/code/gson/gson/2.10.1/gson-2.10.1.jar:/Users/harshithauk/.m2/repository/com/github/salomonbrys/kotson/kotson/2.5.0/kotson-2.5.0.jar:/Users/harshithauk/.m2/repository/au/com/dius/pact-jvm-core-matchers/4.0.10/pact-jvm-core-matchers-4.0.10.jar:/Users/harshithauk/.m2/repository/org/apache/commons/commons-lang3/3.12.0/commons-lang3-3.12.0.jar:/Users/harshithauk/.m2/repository/xerces/xercesImpl/2.12.0/xercesImpl-2.12.0.jar:/Users/harshithauk/.m2/repository/xml-apis/xml-apis/1.4.01/xml-apis-1.4.01.jar:/Users/harshithauk/.m2/repository/org/atteo/evo-inflector/1.2.2/evo-inflector-1.2.2.jar:/Users/harshithauk/.m2/repository/io/ktor/ktor-server-netty/1.2.6/ktor-server-netty-1.2.6.jar:/Users/harshithauk/.m2/repository/org/jetbrains/kotlin/kotlin-stdlib/1.8.22/kotlin-stdlib-1.8.22.jar:/Users/harshithauk/.m2/repository/org/jetbrains/kotlin/kotlin-stdlib-common/1.8.22/kotlin-stdlib-common-1.8.22.jar:/Users/harshithauk/.m2/repository/org/jetbrains/annotations/13.0/annotations-13.0.jar:/Users/harshithauk/.m2/repository/org/jetbrains/kotlin/kotlin-stdlib-jdk7/1.8.22/kotlin-stdlib-jdk7-1.8.22.jar:/Users/harshithauk/.m2/repository/org/jetbrains/kotlin/kotlin-stdlib-jdk8/1.8.22/kotlin-stdlib-jdk8-1.8.22.jar:/Users/harshithauk/.m2/repository/org/jetbrains/kotlinx/atomicfu/0.14.1/atomicfu-0.14.1.jar:/Users/harshithauk/.m2/repository/com/typesafe/config/1.3.1/config-1.3.1.jar:/Users/harshithauk/.m2/repository/org/jetbrains/kotlinx/kotlinx-coroutines-jdk8/1.6.4/kotlinx-coroutines-jdk8-1.6.4.jar:/Users/harshithauk/.m2/repository/org/jetbrains/kotlinx/kotlinx-coroutines-core-jvm/1.6.4/kotlinx-coroutines-core-jvm-1.6.4.jar:/Users/harshithauk/.m2/repository/org/jetbrains/kotlinx/kotlinx-coroutines-core/1.6.4/kotlinx-coroutines-core-1.6.4.jar:/Users/harshithauk/.m2/repository/org/jetbrains/kotlinx/kotlinx-io-jvm/0.1.16/kotlinx-io-jvm-0.1.16.jar:/Users/harshithauk/.m2/repository/org/jetbrains/kotlinx/atomicfu-common/0.14.1/atomicfu-common-0.14.1.jar:/Users/harshithauk/.m2/repository/org/jetbrains/kotlinx/kotlinx-io/0.1.16/kotlinx-io-0.1.16.jar:/Users/harshithauk/.m2/repository/org/jetbrains/kotlinx/kotlinx-coroutines-io-jvm/0.1.16/kotlinx-coroutines-io-jvm-0.1.16.jar:/Users/harshithauk/.m2/repository/org/jetbrains/kotlinx/kotlinx-coroutines-core-common/1.3.2-1.3.60/kotlinx-coroutines-core-common-1.3.2-1.3.60.jar:/Users/harshithauk/.m2/repository/org/jetbrains/kotlinx/kotlinx-coroutines-io/0.1.16/kotlinx-coroutines-io-0.1.16.jar:/Users/harshithauk/.m2/repository/io/ktor/ktor-server-host-common/1.2.6/ktor-server-host-common-1.2.6.jar:/Users/harshithauk/.m2/repository/io/ktor/ktor-server-core/1.2.6/ktor-server-core-1.2.6.jar:/Users/harshithauk/.m2/repository/io/netty/netty-codec-http2/4.1.97.Final/netty-codec-http2-4.1.97.Final.jar:/Users/harshithauk/.m2/repository/io/netty/netty-codec-http/4.1.97.Final/netty-codec-http-4.1.97.Final.jar:/Users/harshithauk/.m2/repository/org/eclipse/jetty/alpn/alpn-api/1.1.3.v20160715/alpn-api-1.1.3.v20160715.jar:/Users/harshithauk/.m2/repository/io/netty/netty-transport-native-kqueue/4.1.97.Final/netty-transport-native-kqueue-4.1.97.Final.jar:/Users/harshithauk/.m2/repository/io/netty/netty-transport-classes-kqueue/4.1.97.Final/netty-transport-classes-kqueue-4.1.97.Final.jar:/Users/harshithauk/.m2/repository/io/netty/netty-transport-native-epoll/4.1.97.Final/netty-transport-native-epoll-4.1.97.Final.jar:/Users/harshithauk/.m2/repository/io/netty/netty-transport-classes-epoll/4.1.97.Final/netty-transport-classes-epoll-4.1.97.Final.jar:/Users/harshithauk/.m2/repository/io/ktor/ktor-network-tls/1.2.6/ktor-network-tls-1.2.6.jar:/Users/harshithauk/.m2/repository/io/ktor/ktor-network/1.2.6/ktor-network-1.2.6.jar:/Users/harshithauk/.m2/repository/io/ktor/ktor-utils-jvm/1.2.6/ktor-utils-jvm-1.2.6.jar:/Users/harshithauk/.m2/repository/io/ktor/ktor-http-cio-jvm/1.2.6/ktor-http-cio-jvm-1.2.6.jar:/Users/harshithauk/.m2/repository/io/ktor/ktor-http-jvm/1.2.6/ktor-http-jvm-1.2.6.jar:/Users/harshithauk/.m2/repository/org/slf4j/slf4j-api/2.0.9/slf4j-api-2.0.9.jar:/Users/harshithauk/.m2/repository/org/springframework/boot/spring-boot-test/3.0.4/spring-boot-test-3.0.4.jar:/Users/harshithauk/.m2/repository/org/springframework/boot/spring-boot/3.1.4/spring-boot-3.1.4.jar:"/>
    <property name="sun.cpu.endian" value="little"/>
    <property name="user.home" value="/Users/harshithauk"/>
    <property name="user.language" value="en"/>
    <property name="java.specification.vendor" value="Oracle Corporation"/>
    <property name="java.version.date" value="2023-10-17"/>
    <property name="java.home" value="/opt/homebrew/Cellar/openjdk/21.0.1/libexec/openjdk.jdk/Contents/Home"/>
    <property name="file.separator" value="/"/>
    <property name="basedir" value="/Users/harshithauk/Desktop/JavaLearning/PactTests/PactDemoConsumer"/>
    <property name="java.vm.compressedOopsMode" value="Zero based"/>
    <property name="line.separator" value="&#10;"/>
    <property name="java.vm.specification.vendor" value="Oracle Corporation"/>
    <property name="java.specification.name" value="Java Platform API Specification"/>
    <property name="FILE_LOG_CHARSET" value="UTF-8"/>
    <property name="java.awt.headless" value="true"/>
    <property name="apple.awt.application.name" value="ForkedBooter"/>
    <property name="surefire.real.class.path" value="/Users/harshithauk/Desktop/JavaLearning/PactTests/PactDemoConsumer/target/surefire/surefirebooter-20231031145209422_3.jar"/>
    <property name="sun.management.compiler" value="HotSpot 64-Bit Tiered Compilers"/>
    <property name="ftp.nonProxyHosts" value="local|*.local|169.254/16|*.169.254/16"/>
    <property name="java.runtime.version" value="21.0.1"/>
    <property name="user.name" value="harshithauk"/>
    <property name="stdout.encoding" value="US-ASCII"/>
    <property name="path.separator" value=":"/>
    <property name="os.version" value="14.1"/>
    <property name="java.runtime.name" value="OpenJDK Runtime Environment"/>
    <property name="file.encoding" value="UTF-8"/>
    <property name="java.vm.name" value="OpenJDK 64-Bit Server VM"/>
    <property name="java.vendor.version" value="Homebrew"/>
    <property name="localRepository" value="/Users/harshithauk/.m2/repository"/>
    <property name="java.vendor.url.bug" value="https://github.com/Homebrew/homebrew-core/issues"/>
    <property name="java.io.tmpdir" value="/var/folders/9r/rb2_5pv15z55crrmnrsp1f040000gn/T/"/>
    <property name="java.version" value="21.0.1"/>
    <property name="user.dir" value="/Users/harshithauk/Desktop/JavaLearning/PactTests/PactDemoConsumer"/>
    <property name="os.arch" value="aarch64"/>
    <property name="java.vm.specification.name" value="Java Virtual Machine Specification"/>
    <property name="PID" value="49040"/>
    <property name="CONSOLE_LOG_CHARSET" value="UTF-8"/>
    <property name="native.encoding" value="US-ASCII"/>
    <property name="java.library.path" value="/Users/harshithauk/Library/Java/Extensions:/Library/Java/Extensions:/Network/Library/Java/Extensions:/System/Library/Java/Extensions:/usr/lib/java:."/>
    <property name="java.vm.info" value="mixed mode, sharing"/>
    <property name="stderr.encoding" value="US-ASCII"/>
    <property name="java.vendor" value="Homebrew"/>
    <property name="java.vm.version" value="21.0.1"/>
    <property name="sun.io.unicode.encoding" value="UnicodeBig"/>
    <property name="socksNonProxyHosts" value="local|*.local|169.254/16|*.169.254/16"/>
    <property name="java.class.version" value="65.0"/>
  </properties>
  <testcase name="testGetTopicFromProvider(MockServer)" classname="com.example.PactDemo.PactConsumerTest" time="0.55">
    <system-out><![CDATA[2023-10-31T14:52:10.963+05:30  INFO 49040 --- [           main] t.c.s.AnnotationConfigContextLoaderUtils : Could not detect default configuration classes for test class [com.example.PactDemo.PactConsumerTest]: PactConsumerTest does not declare any static, non-private, non-final, nested classes annotated with @Configuration.
2023-10-31T14:52:10.964+05:30  INFO 49040 --- [           main] .b.t.c.SpringBootTestContextBootstrapper : Found @SpringBootConfiguration com.example.PactDemo.ConsumerApplication for test class com.example.PactDemo.PactConsumerTest
]]></system-out>
  </testcase>
</testsuite>